<?xml version="1.0" encoding="UTF-8"?>
<testsuite name="com.bestbuy.testsuits.ProductDataDrivenTest" time="0.848" tests="25" errors="0" skipped="0" failures="0">
  <properties>
[...]
</properties>
  <testcase name="createMultipleProducts[6]" classname="com.bestbuy.testsuits.ProductDataDrivenTest" time="0.074"/>
  <testcase name="createMultipleProducts[4]" classname="com.bestbuy.testsuits.ProductDataDrivenTest" time="0.032"/>
  <testcase name="createMultipleProducts[9]" classname="com.bestbuy.testsuits.ProductDataDrivenTest" time="0.001"/>
  <testcase name="createMultipleProducts[0]" classname="com.bestbuy.testsuits.ProductDataDrivenTest" time="0.002"/>
  <testcase name="createMultipleProducts[5]" classname="com.bestbuy.testsuits.ProductDataDrivenTest" time="0.007"/>
  <testcase name="createMultipleProducts[13]" classname="com.bestbuy.testsuits.ProductDataDrivenTest" time="0.024"/>
  <testcase name="createMultipleProducts[11]" classname="com.bestbuy.testsuits.ProductDataDrivenTest" time="0.007"/>
  <testcase name="createMultipleProducts[10]" classname="com.bestbuy.testsuits.ProductDataDrivenTest" time="0.026"/>
  <testcase name="createMultipleProducts[7]" classname="com.bestbuy.testsuits.ProductDataDrivenTest" time="0.001"/>
  <testcase name="createMultipleProducts[15]" classname="com.bestbuy.testsuits.ProductDataDrivenTest" time="0.008"/>
  <testcase name="createMultipleProducts[3]" classname="com.bestbuy.testsuits.ProductDataDrivenTest" time="0.019"/>
  <testcase name="createMultipleProducts[2]" classname="com.bestbuy.testsuits.ProductDataDrivenTest" time="0.022"/>
  <testcase name="createMultipleProducts[14]" classname="com.bestbuy.testsuits.ProductDataDrivenTest" time="0.024"/>
  <testcase name="createMultipleProducts[8]" classname="com.bestbuy.testsuits.ProductDataDrivenTest" time="0.03"/>
  <testcase name="createMultipleProducts[1]" classname="com.bestbuy.testsuits.ProductDataDrivenTest" time="0.033"/>
  <testcase name="createMultipleProducts[12]" classname="com.bestbuy.testsuits.ProductDataDrivenTest" time="0.037"/>
  <testcase name="createMultipleProducts[16]" classname="com.bestbuy.testsuits.ProductDataDrivenTest" time="0.041"/>
  <testcase name="createMultipleProducts[17]" classname="com.bestbuy.testsuits.ProductDataDrivenTest" time="0.046"/>
  <testcase name="createMultipleProducts[18]" classname="com.bestbuy.testsuits.ProductDataDrivenTest" time="0.048"/>
  <testcase name="createMultipleProducts[19]" classname="com.bestbuy.testsuits.ProductDataDrivenTest" time="0.052"/>
  <testcase name="createMultipleProducts[20]" classname="com.bestbuy.testsuits.ProductDataDrivenTest" time="0.055"/>
  <testcase name="createMultipleProducts[22]" classname="com.bestbuy.testsuits.ProductDataDrivenTest" time="0.061"/>
  <testcase name="createMultipleProducts[21]" classname="com.bestbuy.testsuits.ProductDataDrivenTest" time="0.064"/>
  <testcase name="createMultipleProducts[23]" classname="com.bestbuy.testsuits.ProductDataDrivenTest" time="0.066"/>
  <testcase name="createMultipleProducts[24]" classname="com.bestbuy.testsuits.ProductDataDrivenTest" time="0.068"/>
</testsuite>