<?xml version="1.0" encoding="UTF-8"?>
<testsuite name="com.bestbuy.cucumber.CucumberRunner" time="1.378" tests="56" errors="0" skipped="0" failures="0">
  <properties>
[...]
</properties>
  <testcase name="Given Best buy application is running" classname="| Gucci | perfume | 100 | 15 | 987654 | unisex | perfum catagory | MN2727B4z | http://www.google.com/image | http://dummyimage.com/128x100.png/ff4444/ffffff |" time="0.003"/>
  <testcase name="When I create a new product by providing the information name &quot;Gucci&quot; type &quot;perfume&quot; price &quot;100&quot; shipping &quot;15&quot; upc &quot;987654&quot; description &quot;unisex&quot; manufacturer &quot;perfum catagory&quot; model &quot;MN2727B4z&quot; url &quot;http://www.google.com/image&quot; image &quot;http://dummyimage.com/128x100.png/ff4444/ffffff&quot;" classname="| Gucci | perfume | 100 | 15 | 987654 | unisex | perfum catagory | MN2727B4z | http://www.google.com/image | http://dummyimage.com/128x100.png/ff4444/ffffff |" time="0"/>
  <testcase name="Then I verify that the product with name &quot;Gucci&quot; is created" classname="| Gucci | perfume | 100 | 15 | 987654 | unisex | perfum catagory | MN2727B4z | http://www.google.com/image | http://dummyimage.com/128x100.png/ff4444/ffffff |" time="0"/>
  <testcase name="And I update product by providing the information name &quot;Gucci&quot; type &quot;perfume&quot; price &quot;100&quot; shipping &quot;15&quot; upc &quot;987654&quot; description &quot;unisex&quot; manufacturer &quot;perfum catagory&quot; model &quot;MN2727B4z&quot; url &quot;http://www.google.com/image&quot; image &quot;http://dummyimage.com/128x100.png/ff4444/ffffff&quot;" classname="| Gucci | perfume | 100 | 15 | 987654 | unisex | perfum catagory | MN2727B4z | http://www.google.com/image | http://dummyimage.com/128x100.png/ff4444/ffffff |" time="0"/>
  <testcase name="And The product with name &quot;Gucci&quot; is updated successfully" classname="| Gucci | perfume | 100 | 15 | 987654 | unisex | perfum catagory | MN2727B4z | http://www.google.com/image | http://dummyimage.com/128x100.png/ff4444/ffffff |" time="0"/>
  <testcase name="And I delete the product that created with name &quot;Gucci&quot;" classname="| Gucci | perfume | 100 | 15 | 987654 | unisex | perfum catagory | MN2727B4z | http://www.google.com/image | http://dummyimage.com/128x100.png/ff4444/ffffff |" time="0"/>
  <testcase name="Then The product deleted successfully from the application" classname="| Gucci | perfume | 100 | 15 | 987654 | unisex | perfum catagory | MN2727B4z | http://www.google.com/image | http://dummyimage.com/128x100.png/ff4444/ffffff |" time="0"/>
  <testcase name="| Gucci | perfume | 100 | 15 | 987654 | unisex | perfum catagory | MN2727B4z | http://www.google.com/image | http://dummyimage.com/128x100.png/ff4444/ffffff |" classname="| Gucci | perfume | 100 | 15 | 987654 | unisex | perfum catagory | MN2727B4z | http://www.google.com/image | http://dummyimage.com/128x100.png/ff4444/ffffff |" time="0.005"/>
  <testcase name="Given Best buy application is running" classname="| GHD hair dryer | electronics | 114 | 14 | 988547 | with select electronic devices plugs | ghdCompany | MN2525B4 | http://www.yahoo.com/image | http://dummyimage.com/214x100.png/5fa2dd/ffffff |" time="0"/>
  <testcase name="When I create a new product by providing the information name &quot;GHD hair dryer&quot; type &quot;electronics&quot; price &quot;114&quot; shipping &quot;14&quot; upc &quot;988547&quot; description &quot;with select electronic devices plugs&quot; manufacturer &quot;ghdCompany&quot; model &quot;MN2525B4&quot; url &quot;http://www.yahoo.com/image&quot; image &quot;http://dummyimage.com/214x100.png/5fa2dd/ffffff&quot;" classname="| GHD hair dryer | electronics | 114 | 14 | 988547 | with select electronic devices plugs | ghdCompany | MN2525B4 | http://www.yahoo.com/image | http://dummyimage.com/214x100.png/5fa2dd/ffffff |" time="0"/>
  <testcase name="Then I verify that the product with name &quot;GHD hair dryer&quot; is created" classname="| GHD hair dryer | electronics | 114 | 14 | 988547 | with select electronic devices plugs | ghdCompany | MN2525B4 | http://www.yahoo.com/image | http://dummyimage.com/214x100.png/5fa2dd/ffffff |" time="0"/>
  <testcase name="And I update product by providing the information name &quot;GHD hair dryer&quot; type &quot;electronics&quot; price &quot;114&quot; shipping &quot;14&quot; upc &quot;988547&quot; description &quot;with select electronic devices plugs&quot; manufacturer &quot;ghdCompany&quot; model &quot;MN2525B4&quot; url &quot;http://www.yahoo.com/image&quot; image &quot;http://dummyimage.com/214x100.png/5fa2dd/ffffff&quot;" classname="| GHD hair dryer | electronics | 114 | 14 | 988547 | with select electronic devices plugs | ghdCompany | MN2525B4 | http://www.yahoo.com/image | http://dummyimage.com/214x100.png/5fa2dd/ffffff |" time="0"/>
  <testcase name="And The product with name &quot;GHD hair dryer&quot; is updated successfully" classname="| GHD hair dryer | electronics | 114 | 14 | 988547 | with select electronic devices plugs | ghdCompany | MN2525B4 | http://www.yahoo.com/image | http://dummyimage.com/214x100.png/5fa2dd/ffffff |" time="0"/>
  <testcase name="And I delete the product that created with name &quot;GHD hair dryer&quot;" classname="| GHD hair dryer | electronics | 114 | 14 | 988547 | with select electronic devices plugs | ghdCompany | MN2525B4 | http://www.yahoo.com/image | http://dummyimage.com/214x100.png/5fa2dd/ffffff |" time="0"/>
  <testcase name="Then The product deleted successfully from the application" classname="| GHD hair dryer | electronics | 114 | 14 | 988547 | with select electronic devices plugs | ghdCompany | MN2525B4 | http://www.yahoo.com/image | http://dummyimage.com/214x100.png/5fa2dd/ffffff |" time="0"/>
  <testcase name="| GHD hair dryer | electronics | 114 | 14 | 988547 | with select electronic devices plugs | ghdCompany | MN2525B4 | http://www.yahoo.com/image | http://dummyimage.com/214x100.png/5fa2dd/ffffff |" classname="| GHD hair dryer | electronics | 114 | 14 | 988547 | with select electronic devices plugs | ghdCompany | MN2525B4 | http://www.yahoo.com/image | http://dummyimage.com/214x100.png/5fa2dd/ffffff |" time="0.856"/>
  <testcase name="Given Best buy application is running" classname="| argos | electronics | 45 london street | LE 40 | London | Harrow | 54534 | 98 | 67 | 8am to 8pm |" time="0"/>
  <testcase name="When I create a new store by providing the information name &quot;argos&quot; type &quot;electronics&quot; address &quot;45 london street&quot; addresstwo &quot;LE 40&quot; city &quot;London&quot; state &quot;Harrow&quot; zip &quot;54534&quot; lat &quot;98&quot; lng &quot;67&quot; hours &quot;8am to 8pm&quot;" classname="| argos | electronics | 45 london street | LE 40 | London | Harrow | 54534 | 98 | 67 | 8am to 8pm |" time="0"/>
  <testcase name="Then I verify that the store with name &quot;argos&quot; is created" classname="| argos | electronics | 45 london street | LE 40 | London | Harrow | 54534 | 98 | 67 | 8am to 8pm |" time="0"/>
  <testcase name="And I update store by providing the information name &quot;argos&quot; type &quot;electronics&quot; address &quot;45 london street&quot; addresstwo &quot;LE 40&quot; city &quot;London&quot; state &quot;Harrow&quot; zip &quot;54534&quot; lat &quot;98&quot; lng &quot;67&quot; hours &quot;8am to 8pm&quot;" classname="| argos | electronics | 45 london street | LE 40 | London | Harrow | 54534 | 98 | 67 | 8am to 8pm |" time="0"/>
  <testcase name="And The store with name &quot;argos&quot; is updated successfully" classname="| argos | electronics | 45 london street | LE 40 | London | Harrow | 54534 | 98 | 67 | 8am to 8pm |" time="0"/>
  <testcase name="And I delete the store that created with name &quot;argos&quot;" classname="| argos | electronics | 45 london street | LE 40 | London | Harrow | 54534 | 98 | 67 | 8am to 8pm |" time="0"/>
  <testcase name="Then The store deleted successfully from the application" classname="| argos | electronics | 45 london street | LE 40 | London | Harrow | 54534 | 98 | 67 | 8am to 8pm |" time="0"/>
  <testcase name="| argos | electronics | 45 london street | LE 40 | London | Harrow | 54534 | 98 | 67 | 8am to 8pm |" classname="| argos | electronics | 45 london street | LE 40 | London | Harrow | 54534 | 98 | 67 | 8am to 8pm |" time="0.001"/>
  <testcase name="Given Best buy application is running" classname="| currys | appliences | 30 dam street | GB 98 | Coventry | midland | 858 | 459 | 489 | 8am to 8pm |" time="0"/>
  <testcase name="When I create a new store by providing the information name &quot;currys&quot; type &quot;appliences&quot; address &quot;30 dam street&quot; addresstwo &quot;GB 98&quot; city &quot;Coventry&quot; state &quot;midland&quot; zip &quot;858&quot; lat &quot;459&quot; lng &quot;489&quot; hours &quot;8am to 8pm&quot;" classname="| currys | appliences | 30 dam street | GB 98 | Coventry | midland | 858 | 459 | 489 | 8am to 8pm |" time="0"/>
  <testcase name="Then I verify that the store with name &quot;currys&quot; is created" classname="| currys | appliences | 30 dam street | GB 98 | Coventry | midland | 858 | 459 | 489 | 8am to 8pm |" time="0"/>
  <testcase name="And I update store by providing the information name &quot;currys&quot; type &quot;appliences&quot; address &quot;30 dam street&quot; addresstwo &quot;GB 98&quot; city &quot;Coventry&quot; state &quot;midland&quot; zip &quot;858&quot; lat &quot;459&quot; lng &quot;489&quot; hours &quot;8am to 8pm&quot;" classname="| currys | appliences | 30 dam street | GB 98 | Coventry | midland | 858 | 459 | 489 | 8am to 8pm |" time="0"/>
  <testcase name="And The store with name &quot;currys&quot; is updated successfully" classname="| currys | appliences | 30 dam street | GB 98 | Coventry | midland | 858 | 459 | 489 | 8am to 8pm |" time="0"/>
  <testcase name="And I delete the store that created with name &quot;currys&quot;" classname="| currys | appliences | 30 dam street | GB 98 | Coventry | midland | 858 | 459 | 489 | 8am to 8pm |" time="0"/>
  <testcase name="Then The store deleted successfully from the application" classname="| currys | appliences | 30 dam street | GB 98 | Coventry | midland | 858 | 459 | 489 | 8am to 8pm |" time="0"/>
  <testcase name="| currys | appliences | 30 dam street | GB 98 | Coventry | midland | 858 | 459 | 489 | 8am to 8pm |" classname="| currys | appliences | 30 dam street | GB 98 | Coventry | midland | 858 | 459 | 489 | 8am to 8pm |" time="0.049"/>
  <testcase name="When User sends a GET request to products endpoint" classname="Scenario: Check if the best buy applications product api can be accessed by GET request" time="0"/>
  <testcase name="Then User must get back a valid status code 200" classname="Scenario: Check if the best buy applications product api can be accessed by GET request" time="0"/>
  <testcase name="Scenario: Check if the best buy applications product api can be accessed by GET request" classname="Scenario: Check if the best buy applications product api can be accessed by GET request" time="0.035"/>
  <testcase name="When User sends a POST request by providing the information to products endpoint" classname="Scenario: Check if the best buy applications product api can be accessed by POST request" time="0"/>
  <testcase name="Then User must get back valid status code 201" classname="Scenario: Check if the best buy applications product api can be accessed by POST request" time="0"/>
  <testcase name="Scenario: Check if the best buy applications product api can be accessed by POST request" classname="Scenario: Check if the best buy applications product api can be accessed by POST request" time="0.034"/>
  <testcase name="When User sends a PUT request by providing the information to products/id endpoint" classname="Scenario: Check if the best buy applications product api can be accessed by PUT request" time="0"/>
  <testcase name="Then User get back valid status code 200" classname="Scenario: Check if the best buy applications product api can be accessed by PUT request" time="0"/>
  <testcase name="Scenario: Check if the best buy applications product api can be accessed by PUT request" classname="Scenario: Check if the best buy applications product api can be accessed by PUT request" time="0.042"/>
  <testcase name="When User sends a DELETE request to products/id endpoint" classname="Scenario: Check if the best buy applications product api can be accessed by DELETE request" time="0"/>
  <testcase name="Then User get back a valid status code 200" classname="Scenario: Check if the best buy applications product api can be accessed by DELETE request" time="0"/>
  <testcase name="Scenario: Check if the best buy applications product api can be accessed by DELETE request" classname="Scenario: Check if the best buy applications product api can be accessed by DELETE request" time="0.047"/>
  <testcase name="When User sends a GET request to stores endpoint" classname="Scenario: Check if the best buy applications store api can be accessed by GET request" time="0"/>
  <testcase name="Then User must get back a valid status code 200" classname="Scenario: Check if the best buy applications store api can be accessed by GET request" time="0"/>
  <testcase name="Scenario: Check if the best buy applications store api can be accessed by GET request" classname="Scenario: Check if the best buy applications store api can be accessed by GET request" time="0.072"/>
  <testcase name="When User sends a POST request by providing the information to stores endpoint" classname="Scenario: Check if the best buy applications store api can be accessed by POST request" time="0"/>
  <testcase name="Then User must get back valid status code 201 for post request" classname="Scenario: Check if the best buy applications store api can be accessed by POST request" time="0"/>
  <testcase name="Scenario: Check if the best buy applications store api can be accessed by POST request" classname="Scenario: Check if the best buy applications store api can be accessed by POST request" time="0.084"/>
  <testcase name="When User sends a PUT request by providing the information to stores/id endpoint" classname="Scenario: Check if the best buy applications store api can be accessed by PUT request" time="0"/>
  <testcase name="Then User get back valid status code 200" classname="Scenario: Check if the best buy applications store api can be accessed by PUT request" time="0"/>
  <testcase name="Scenario: Check if the best buy applications store api can be accessed by PUT request" classname="Scenario: Check if the best buy applications store api can be accessed by PUT request" time="0.084"/>
  <testcase name="When User sends a DELETE request to stores/id endpoint" classname="Scenario: Check if the best buy applications store api can be accessed by DELETE request" time="0"/>
  <testcase name="Then User get back a valid status code 200" classname="Scenario: Check if the best buy applications store api can be accessed by DELETE request" time="0"/>
  <testcase name="Scenario: Check if the best buy applications store api can be accessed by DELETE request" classname="Scenario: Check if the best buy applications store api can be accessed by DELETE request" time="0.066"/>
</testsuite>